<?xml version="1.0" encoding="UTF-8"?>
<TestRun id="82ca0f33-122b-41e9-83df-374a1fd91ebc" name="ilanbe@CUDA-2 2012-12-28 08:38:10" runUser="ACADEMY\ilanbe" xmlns="http://microsoft.com/schemas/VisualStudio/TeamTest/2010">
  <TestSettings name="Local" id="a169f4f3-4d18-4c21-aaf4-dc6ad19a3f27">
    <Description>These are default test settings for a local test run.</Description>
    <Deployment enabled="false" runDeploymentRoot="ilanbe_CUDA-2 2012-12-28 08_38_10">
      <DeploymentItem filename="C:\Users\ilanbe.ACADEMY\Desktop\My-Screen-master\ImageProcessing\ImageProcessing\bin\Debug\ImageProcessing.exe" />
    </Deployment>
    <Execution>
      <TestTypeSpecific />
      <AgentRule name="Execution Agents">
      </AgentRule>
    </Execution>
  </TestSettings>
  <Times creation="2012-12-28T08:38:10.2650646+02:00" queuing="2012-12-28T08:38:10.3110692+02:00" start="2012-12-28T08:38:10.3150696+02:00" finish="2012-12-28T08:38:10.3220703+02:00" />
  <ResultSummary outcome="NotRunnable">
    <Counters total="1" error="0" failed="0" timeout="0" aborted="0" inconclusive="0" passedButRunAborted="0" notRunnable="1" notExecuted="0" disconnected="0" warning="0" passed="0" completed="0" inProgress="0" pending="0" />
  </ResultSummary>
  <TestDefinitions>
    <UnitTest name="TestMethod2" storage="c:\users\ilanbe.academy\desktop\my-screen-master\imageprocessing\imageprocessing.tests\bin\debug\imageprocessing.tests.dll" id="c95d2c90-c809-05cd-cb49-630546b57d85">
      <Execution id="0ad74918-6deb-4af2-94d8-4bf97be001cd" />
      <TestMethod codeBase="C:/Users/ilanbe.ACADEMY/Desktop/My-Screen-master/ImageProcessing/ImageProcessing.Tests/bin/Debug/ImageProcessing.Tests.DLL" adapterTypeName="Microsoft.VisualStudio.TestTools.TestTypes.Unit.UnitTestAdapter, Microsoft.VisualStudio.QualityTools.Tips.UnitTest.Adapter, Version=10.0.0.0, Culture=neutral, PublicKeyToken=b03f5f7f11d50a3a" className="ImageProcessing.Tests.ImageProcessing, ImageProcessing.Tests, Version=1.0.0.0, Culture=neutral, PublicKeyToken=null" name="TestMethod2" />
    </UnitTest>
  </TestDefinitions>
  <TestLists>
    <TestList name="Results Not in a List" id="8c84fa94-04c1-424b-9868-57a2d4851a1d" />
    <TestList name="All Loaded Results" id="19431567-8539-422a-85d7-44ee4e166bda" />
  </TestLists>
  <TestEntries>
    <TestEntry testId="c95d2c90-c809-05cd-cb49-630546b57d85" executionId="0ad74918-6deb-4af2-94d8-4bf97be001cd" testListId="8c84fa94-04c1-424b-9868-57a2d4851a1d" />
  </TestEntries>
  <Results>
    <UnitTestResult executionId="0ad74918-6deb-4af2-94d8-4bf97be001cd" testId="c95d2c90-c809-05cd-cb49-630546b57d85" testName="TestMethod2" computerName="CUDA-2" testType="13cdc9d9-ddb5-4fa4-a97d-d965ccfc6d4b" outcome="NotRunnable" testListId="8c84fa94-04c1-424b-9868-57a2d4851a1d" relativeResultsDirectory="0ad74918-6deb-4af2-94d8-4bf97be001cd">
      <Output>
        <ErrorInfo>
          <Message>UTA004: Illegal use of attribute on ImageProcessing.Tests.ImageProcessing.TestMethod2. The TestMethodAttribute can be defined only inside a class marked with the TestClass attribute.</Message>
        </ErrorInfo>
      </Output>
    </UnitTestResult>
  </Results>
</TestRun>