<?xml version="1.0" encoding="UTF-8"?>
<TestRun id="4383678f-71ad-4916-8033-3d85bdaff657" name="ilanbe@CUDA-2 2012-12-28 08:42:06" runUser="ACADEMY\ilanbe" xmlns="http://microsoft.com/schemas/VisualStudio/TeamTest/2010">
  <TestSettings name="Local" id="a169f4f3-4d18-4c21-aaf4-dc6ad19a3f27">
    <Description>These are default test settings for a local test run.</Description>
    <Deployment enabled="false" runDeploymentRoot="ilanbe_CUDA-2 2012-12-28 08_42_06">
      <DeploymentItem filename="C:\Users\ilanbe.ACADEMY\Desktop\My-Screen-master\ImageProcessing\ImageProcessing\bin\Debug\ImageProcessing.exe" />
    </Deployment>
    <Execution>
      <TestTypeSpecific />
      <AgentRule name="Execution Agents">
      </AgentRule>
    </Execution>
  </TestSettings>
  <Times creation="2012-12-28T08:42:06.6106968+02:00" queuing="2012-12-28T08:42:06.6416999+02:00" start="2012-12-28T08:42:06.6457003+02:00" finish="2012-12-28T08:42:07.2447602+02:00" />
  <ResultSummary outcome="Completed">
    <Counters total="1" executed="1" passed="1" error="0" failed="0" timeout="0" aborted="0" inconclusive="0" passedButRunAborted="0" notRunnable="0" notExecuted="0" disconnected="0" warning="0" completed="0" inProgress="0" pending="0" />
  </ResultSummary>
  <TestDefinitions>
    <UnitTest name="TestMethod1" storage="c:\users\ilanbe.academy\desktop\my-screen-master\imageprocessing\imageprocessing.tests\bin\debug\imageprocessing.tests.dll" id="5ef819e5-048b-c8c2-6a4e-00a4f8e405a9">
      <Execution id="3573723f-32d3-4cf9-a01a-6b94e45fc8b5" />
      <TestMethod codeBase="C:/Users/ilanbe.ACADEMY/Desktop/My-Screen-master/ImageProcessing/ImageProcessing.Tests/bin/Debug/ImageProcessing.Tests.DLL" adapterTypeName="Microsoft.VisualStudio.TestTools.TestTypes.Unit.UnitTestAdapter, Microsoft.VisualStudio.QualityTools.Tips.UnitTest.Adapter, Version=10.0.0.0, Culture=neutral, PublicKeyToken=b03f5f7f11d50a3a" className="ImageProcessing.Tests.ImageProcessing, ImageProcessing.Tests, Version=1.0.0.0, Culture=neutral, PublicKeyToken=null" name="TestMethod1" />
    </UnitTest>
  </TestDefinitions>
  <TestLists>
    <TestList name="Results Not in a List" id="8c84fa94-04c1-424b-9868-57a2d4851a1d" />
    <TestList name="All Loaded Results" id="19431567-8539-422a-85d7-44ee4e166bda" />
  </TestLists>
  <TestEntries>
    <TestEntry testId="5ef819e5-048b-c8c2-6a4e-00a4f8e405a9" executionId="3573723f-32d3-4cf9-a01a-6b94e45fc8b5" testListId="8c84fa94-04c1-424b-9868-57a2d4851a1d" />
  </TestEntries>
  <Results>
    <UnitTestResult executionId="3573723f-32d3-4cf9-a01a-6b94e45fc8b5" testId="5ef819e5-048b-c8c2-6a4e-00a4f8e405a9" testName="TestMethod1" computerName="CUDA-2" duration="00:00:00.4028575" startTime="2012-12-28T08:42:06.6497007+02:00" endTime="2012-12-28T08:42:07.2307588+02:00" testType="13cdc9d9-ddb5-4fa4-a97d-d965ccfc6d4b" outcome="Passed" testListId="8c84fa94-04c1-424b-9868-57a2d4851a1d" relativeResultsDirectory="3573723f-32d3-4cf9-a01a-6b94e45fc8b5">
    </UnitTestResult>
  </Results>
</TestRun>