<?xml version="1.0" encoding="UTF-8"?>
<TestRun id="0657f9ac-608f-4c02-856b-2e752f64e7dd" name="jbt@ODEM_INS 2012-12-25 16:36:25" runUser="ODEM_INS\jbt" xmlns="http://microsoft.com/schemas/VisualStudio/TeamTest/2010">
  <TestSettings name="Local" id="a169f4f3-4d18-4c21-aaf4-dc6ad19a3f27">
    <Description>These are default test settings for a local test run.</Description>
    <Deployment enabled="false" runDeploymentRoot="jbt_ODEM_INS 2012-12-25 16_36_25">
      <DeploymentItem filename="C:\Users\jbt\Desktop\My-Screen-master\ImageProcessing\ImageProcessing\bin\Debug\ImageProcessing.exe" />
    </Deployment>
    <Execution>
      <TestTypeSpecific />
      <AgentRule name="Execution Agents">
      </AgentRule>
    </Execution>
  </TestSettings>
  <Times creation="2012-12-25T16:36:25.5307613+02:00" queuing="2012-12-25T16:36:25.6117659+02:00" start="2012-12-25T16:36:25.6467679+02:00" finish="2012-12-25T16:36:25.9927877+02:00" />
  <ResultSummary outcome="Completed">
    <Counters total="1" executed="1" passed="1" error="0" failed="0" timeout="0" aborted="0" inconclusive="0" passedButRunAborted="0" notRunnable="0" notExecuted="0" disconnected="0" warning="0" completed="0" inProgress="0" pending="0" />
  </ResultSummary>
  <TestDefinitions>
    <UnitTest name="TestMethod3" storage="c:\users\jbt\desktop\my-screen-master\imageprocessing\imageprocessing.tests\bin\debug\imageprocessing.tests.dll" id="9700f2c6-8c6c-962a-e261-61c7fa067ec4">
      <Execution id="fbad22af-37c5-4978-b273-b942d4ef214e" />
      <TestMethod codeBase="C:/Users/jbt/Desktop/My-Screen-master/ImageProcessing/ImageProcessing.Tests/bin/Debug/ImageProcessing.Tests.DLL" adapterTypeName="Microsoft.VisualStudio.TestTools.TestTypes.Unit.UnitTestAdapter, Microsoft.VisualStudio.QualityTools.Tips.UnitTest.Adapter, Version=10.0.0.0, Culture=neutral, PublicKeyToken=b03f5f7f11d50a3a" className="ImageProcessing.Tests.ImageProcessing, ImageProcessing.Tests, Version=1.0.0.0, Culture=neutral, PublicKeyToken=null" name="TestMethod3" />
    </UnitTest>
  </TestDefinitions>
  <TestLists>
    <TestList name="Results Not in a List" id="8c84fa94-04c1-424b-9868-57a2d4851a1d" />
    <TestList name="All Loaded Results" id="19431567-8539-422a-85d7-44ee4e166bda" />
  </TestLists>
  <TestEntries>
    <TestEntry testId="9700f2c6-8c6c-962a-e261-61c7fa067ec4" executionId="fbad22af-37c5-4978-b273-b942d4ef214e" testListId="8c84fa94-04c1-424b-9868-57a2d4851a1d" />
  </TestEntries>
  <Results>
    <UnitTestResult executionId="fbad22af-37c5-4978-b273-b942d4ef214e" testId="9700f2c6-8c6c-962a-e261-61c7fa067ec4" testName="TestMethod3" computerName="ODEM_INS" duration="00:00:00.0490074" startTime="2012-12-25T16:36:25.6537683+02:00" endTime="2012-12-25T16:36:25.9677863+02:00" testType="13cdc9d9-ddb5-4fa4-a97d-d965ccfc6d4b" outcome="Passed" testListId="8c84fa94-04c1-424b-9868-57a2d4851a1d" relativeResultsDirectory="fbad22af-37c5-4978-b273-b942d4ef214e">
    </UnitTestResult>
  </Results>
</TestRun>