<?xml version="1.0" encoding="UTF-8"?>
<TestRun id="455f5e40-2ca7-410e-a60b-11ca71f11fab" name="jbt@ODEM_INS 2012-12-25 16:22:21" runUser="ODEM_INS\jbt" xmlns="http://microsoft.com/schemas/VisualStudio/TeamTest/2010">
  <TestSettings name="Local" id="a169f4f3-4d18-4c21-aaf4-dc6ad19a3f27">
    <Description>These are default test settings for a local test run.</Description>
    <Deployment enabled="false" runDeploymentRoot="jbt_ODEM_INS 2012-12-25 16_22_21">
      <DeploymentItem filename="C:\Users\jbt\Desktop\My-Screen-master\ImageProcessing\ImageProcessing\bin\Debug\ImageProcessing.exe" />
    </Deployment>
    <Execution>
      <TestTypeSpecific />
      <AgentRule name="Execution Agents">
      </AgentRule>
    </Execution>
  </TestSettings>
  <Times creation="2012-12-25T16:22:21.4824845+02:00" queuing="2012-12-25T16:22:21.5434880+02:00" start="2012-12-25T16:22:21.5574888+02:00" finish="2012-12-25T16:22:23.6346076+02:00" />
  <ResultSummary outcome="Completed">
    <Counters total="1" executed="1" passed="1" error="0" failed="0" timeout="0" aborted="0" inconclusive="0" passedButRunAborted="0" notRunnable="0" notExecuted="0" disconnected="0" warning="0" completed="0" inProgress="0" pending="0" />
  </ResultSummary>
  <TestDefinitions>
    <UnitTest name="TestMethod1" storage="c:\users\jbt\desktop\my-screen-master\imageprocessing\imageprocessing.tests\bin\debug\imageprocessing.tests.dll" id="5ef819e5-048b-c8c2-6a4e-00a4f8e405a9">
      <Execution id="c9d35d6d-6f19-4b87-b9e9-d50cec1c1888" />
      <TestMethod codeBase="C:/Users/jbt/Desktop/My-Screen-master/ImageProcessing/ImageProcessing.Tests/bin/Debug/ImageProcessing.Tests.DLL" adapterTypeName="Microsoft.VisualStudio.TestTools.TestTypes.Unit.UnitTestAdapter, Microsoft.VisualStudio.QualityTools.Tips.UnitTest.Adapter, Version=10.0.0.0, Culture=neutral, PublicKeyToken=b03f5f7f11d50a3a" className="ImageProcessing.Tests.ImageProcessing, ImageProcessing.Tests, Version=1.0.0.0, Culture=neutral, PublicKeyToken=null" name="TestMethod1" />
    </UnitTest>
  </TestDefinitions>
  <TestLists>
    <TestList name="Results Not in a List" id="8c84fa94-04c1-424b-9868-57a2d4851a1d" />
    <TestList name="All Loaded Results" id="19431567-8539-422a-85d7-44ee4e166bda" />
  </TestLists>
  <TestEntries>
    <TestEntry testId="5ef819e5-048b-c8c2-6a4e-00a4f8e405a9" executionId="c9d35d6d-6f19-4b87-b9e9-d50cec1c1888" testListId="8c84fa94-04c1-424b-9868-57a2d4851a1d" />
  </TestEntries>
  <Results>
    <UnitTestResult executionId="c9d35d6d-6f19-4b87-b9e9-d50cec1c1888" testId="5ef819e5-048b-c8c2-6a4e-00a4f8e405a9" testName="TestMethod1" computerName="ODEM_INS" duration="00:00:01.7626053" startTime="2012-12-25T16:22:21.5854904+02:00" endTime="2012-12-25T16:22:23.6106062+02:00" testType="13cdc9d9-ddb5-4fa4-a97d-d965ccfc6d4b" outcome="Passed" testListId="8c84fa94-04c1-424b-9868-57a2d4851a1d" relativeResultsDirectory="c9d35d6d-6f19-4b87-b9e9-d50cec1c1888">
      <Output>
        <StdOut>6689</StdOut>
      </Output>
    </UnitTestResult>
  </Results>
</TestRun>