<?xml version="1.0" encoding="UTF-8"?>
<TestRun id="4e036928-817b-4d23-907e-c59ea393d05e" name="jbt@ODEM_INS 2012-12-25 16:19:28" runUser="ODEM_INS\jbt" xmlns="http://microsoft.com/schemas/VisualStudio/TeamTest/2010">
  <TestSettings name="Local" id="a169f4f3-4d18-4c21-aaf4-dc6ad19a3f27">
    <Description>These are default test settings for a local test run.</Description>
    <Deployment enabled="false" runDeploymentRoot="jbt_ODEM_INS 2012-12-25 16_19_28">
      <DeploymentItem filename="C:\Users\jbt\Desktop\My-Screen-master\ImageProcessing\ImageProcessing\bin\Debug\ImageProcessing.exe" />
    </Deployment>
    <Execution>
      <TestTypeSpecific />
      <AgentRule name="Execution Agents">
      </AgentRule>
    </Execution>
  </TestSettings>
  <Times creation="2012-12-25T16:19:29.0076195+02:00" queuing="2012-12-25T16:19:32.1037966+02:00" start="2012-12-25T16:19:32.2618056+02:00" finish="2012-12-25T16:19:34.0579083+02:00" />
  <ResultSummary outcome="Failed">
    <Counters total="1" executed="1" error="0" failed="1" timeout="0" aborted="0" inconclusive="0" passedButRunAborted="0" notRunnable="0" notExecuted="0" disconnected="0" warning="0" passed="0" completed="0" inProgress="0" pending="0" />
  </ResultSummary>
  <TestDefinitions>
    <UnitTest name="TestMethod2" storage="c:\users\jbt\desktop\my-screen-master\imageprocessing\imageprocessing.tests\bin\debug\imageprocessing.tests.dll" id="c95d2c90-c809-05cd-cb49-630546b57d85">
      <Execution id="6eb6c2c2-18fd-4a40-8fe5-027e6e767b14" />
      <TestMethod codeBase="C:/Users/jbt/Desktop/My-Screen-master/ImageProcessing/ImageProcessing.Tests/bin/Debug/ImageProcessing.Tests.DLL" adapterTypeName="Microsoft.VisualStudio.TestTools.TestTypes.Unit.UnitTestAdapter, Microsoft.VisualStudio.QualityTools.Tips.UnitTest.Adapter, Version=10.0.0.0, Culture=neutral, PublicKeyToken=b03f5f7f11d50a3a" className="ImageProcessing.Tests.ImageProcessing, ImageProcessing.Tests, Version=1.0.0.0, Culture=neutral, PublicKeyToken=null" name="TestMethod2" />
    </UnitTest>
  </TestDefinitions>
  <TestLists>
    <TestList name="Results Not in a List" id="8c84fa94-04c1-424b-9868-57a2d4851a1d" />
    <TestList name="All Loaded Results" id="19431567-8539-422a-85d7-44ee4e166bda" />
  </TestLists>
  <TestEntries>
    <TestEntry testId="c95d2c90-c809-05cd-cb49-630546b57d85" executionId="6eb6c2c2-18fd-4a40-8fe5-027e6e767b14" testListId="8c84fa94-04c1-424b-9868-57a2d4851a1d" />
  </TestEntries>
  <Results>
    <UnitTestResult executionId="6eb6c2c2-18fd-4a40-8fe5-027e6e767b14" testId="c95d2c90-c809-05cd-cb49-630546b57d85" testName="TestMethod2" computerName="ODEM_INS" duration="00:00:01.0447337" startTime="2012-12-25T16:19:32.2968076+02:00" endTime="2012-12-25T16:19:33.9519023+02:00" testType="13cdc9d9-ddb5-4fa4-a97d-d965ccfc6d4b" outcome="Failed" testListId="8c84fa94-04c1-424b-9868-57a2d4851a1d" relativeResultsDirectory="6eb6c2c2-18fd-4a40-8fe5-027e6e767b14">
      <Output>
        <ErrorInfo>
          <Message>Test method ImageProcessing.Tests.ImageProcessing.TestMethod2 threw exception: 
System.IO.FileNotFoundException: C:\Users\jbt\Desktop\My-Screen-master\ImageProcessing\DecodedImage0.jpg</Message>
          <StackTrace>    at System.Drawing.Image.FromFile(String filename, Boolean useEmbeddedColorManagement)
   at System.Drawing.Image.FromFile(String filename)
   at ImageProcessing.Tests.ImageProcessing.TestMethod2() in C:\Users\jbt\Desktop\My-Screen-master\ImageProcessing\ImageProcessing.Tests\ImageProcessing.cs:line 24
</StackTrace>
        </ErrorInfo>
      </Output>
    </UnitTestResult>
  </Results>
</TestRun>