<?xml version="1.0" encoding="UTF-8"?>
<TestRun id="5ba519d8-f992-4eb8-92b2-b93a7df048ff" name="Noam Tzumie@NOAMTZUMIE-PC 2012-12-30 01:34:19" runUser="NoamTzumie-PC\Noam Tzumie" xmlns="http://microsoft.com/schemas/VisualStudio/TeamTest/2010">
  <TestSettings name="Local" id="a169f4f3-4d18-4c21-aaf4-dc6ad19a3f27">
    <Description>These are default test settings for a local test run.</Description>
    <Deployment enabled="false" runDeploymentRoot="Noam Tzumie_NOAMTZUMIE-PC 2012-12-30 01_34_19">
      <DeploymentItem filename="C:\Users\Noam Tzumie\Desktop\פרוייקטים\MyScreen\VCS\My-Screen\ImageProcessing\ImageProcessing\bin\Debug\ImageProcessing.exe" />
    </Deployment>
    <Execution>
      <TestTypeSpecific />
      <AgentRule name="Execution Agents">
      </AgentRule>
    </Execution>
  </TestSettings>
  <Times creation="2012-12-30T01:34:19.1830740+02:00" queuing="2012-12-30T01:34:19.1900744+02:00" start="2012-12-30T01:34:19.1980749+02:00" finish="2012-12-30T01:34:19.4990921+02:00" />
  <ResultSummary outcome="Completed">
    <Counters total="1" executed="1" passed="1" error="0" failed="0" timeout="0" aborted="0" inconclusive="0" passedButRunAborted="0" notRunnable="0" notExecuted="0" disconnected="0" warning="0" completed="0" inProgress="0" pending="0" />
  </ResultSummary>
  <TestDefinitions>
    <UnitTest name="TestMethod3" storage="c:\users\noam tzumie\desktop\פרוייקטים\myscreen\vcs\my-screen\imageprocessing\imageprocessing.tests\bin\debug\imageprocessing.tests.dll" id="9700f2c6-8c6c-962a-e261-61c7fa067ec4">
      <Execution id="6bc423d3-3a80-49e8-ae83-6873127c91af" />
      <TestMethod codeBase="C:/Users/Noam Tzumie/Desktop/פרוייקטים/MyScreen/VCS/My-Screen/ImageProcessing/ImageProcessing.Tests/bin/Debug/ImageProcessing.Tests.DLL" adapterTypeName="Microsoft.VisualStudio.TestTools.TestTypes.Unit.UnitTestAdapter, Microsoft.VisualStudio.QualityTools.Tips.UnitTest.Adapter, Version=10.0.0.0, Culture=neutral, PublicKeyToken=b03f5f7f11d50a3a" className="ImageProcessing.Tests.ImageProcessing, ImageProcessing.Tests, Version=1.0.0.0, Culture=neutral, PublicKeyToken=null" name="TestMethod3" />
    </UnitTest>
  </TestDefinitions>
  <TestLists>
    <TestList name="Results Not in a List" id="8c84fa94-04c1-424b-9868-57a2d4851a1d" />
    <TestList name="All Loaded Results" id="19431567-8539-422a-85d7-44ee4e166bda" />
  </TestLists>
  <TestEntries>
    <TestEntry testId="9700f2c6-8c6c-962a-e261-61c7fa067ec4" executionId="6bc423d3-3a80-49e8-ae83-6873127c91af" testListId="8c84fa94-04c1-424b-9868-57a2d4851a1d" />
  </TestEntries>
  <Results>
    <UnitTestResult executionId="6bc423d3-3a80-49e8-ae83-6873127c91af" testId="9700f2c6-8c6c-962a-e261-61c7fa067ec4" testName="TestMethod3" computerName="NOAMTZUMIE-PC" duration="00:00:00.0515306" startTime="2012-12-30T01:34:19.2040752+02:00" endTime="2012-12-30T01:34:19.4820911+02:00" testType="13cdc9d9-ddb5-4fa4-a97d-d965ccfc6d4b" outcome="Passed" testListId="8c84fa94-04c1-424b-9868-57a2d4851a1d" relativeResultsDirectory="6bc423d3-3a80-49e8-ae83-6873127c91af">
    </UnitTestResult>
  </Results>
</TestRun>