<?xml version="1.0" encoding="UTF-8"?>
<TestRun id="1645dfa5-9378-4481-b571-e3c08ec772c4" name="Noam Tzumie@NOAMTZUMIE-PC 2012-12-26 21:53:06" runUser="NoamTzumie-PC\Noam Tzumie" xmlns="http://microsoft.com/schemas/VisualStudio/TeamTest/2010">
  <TestSettings name="Local" id="cd4da703-7433-4af3-bfad-beed2c0ed77a">
    <Description>These are default test settings for a local test run.</Description>
    <Deployment enabled="false" runDeploymentRoot="Noam Tzumie_NOAMTZUMIE-PC 2012-12-26 21_53_06">
      <DeploymentItem filename="C:\Users\Noam Tzumie\Desktop\פרוייקטים\MyScreen\VCS\My-Screen\Client\DataHandler\bin\Debug\DataHandler.dll" />
      <DeploymentItem filename="C:\Users\Noam Tzumie\Desktop\פרוייקטים\MyScreen\VCS\My-Screen\Client\GUI\bin\Debug\GUI.exe" />
    </Deployment>
    <Execution>
      <TestTypeSpecific />
      <AgentRule name="Execution Agents">
      </AgentRule>
    </Execution>
  </TestSettings>
  <Times creation="2012-12-26T21:53:06.5267316+02:00" queuing="2012-12-26T21:53:07.9138109+02:00" start="2012-12-26T21:53:07.9818148+02:00" finish="2012-12-26T21:53:08.5688484+02:00" />
  <ResultSummary outcome="Failed">
    <Counters total="1" executed="1" error="0" failed="1" timeout="0" aborted="0" inconclusive="0" passedButRunAborted="0" notRunnable="0" notExecuted="0" disconnected="0" warning="0" passed="0" completed="0" inProgress="0" pending="0" />
  </ResultSummary>
  <TestDefinitions>
    <UnitTest name="TestMethod1" storage="c:\users\noam tzumie\desktop\פרוייקטים\myscreen\vcs\my-screen\client\myscreen\testproject1\bin\debug\testproject1.dll" id="59863143-3238-122e-4d8a-637b491cc755">
      <Execution id="31e4a8f8-205e-41be-94cc-3a6715c17c2e" />
      <TestMethod codeBase="C:/Users/Noam Tzumie/Desktop/פרוייקטים/MyScreen/VCS/My-Screen/Client/MyScreen/TestProject1/bin/Debug/TestProject1.DLL" adapterTypeName="Microsoft.VisualStudio.TestTools.TestTypes.Unit.UnitTestAdapter, Microsoft.VisualStudio.QualityTools.Tips.UnitTest.Adapter, Version=10.0.0.0, Culture=neutral, PublicKeyToken=b03f5f7f11d50a3a" className="TestProject1.UnitTest1, TestProject1, Version=1.0.0.0, Culture=neutral, PublicKeyToken=null" name="TestMethod1" />
    </UnitTest>
  </TestDefinitions>
  <TestLists>
    <TestList name="Results Not in a List" id="8c84fa94-04c1-424b-9868-57a2d4851a1d" />
    <TestList name="All Loaded Results" id="19431567-8539-422a-85d7-44ee4e166bda" />
  </TestLists>
  <TestEntries>
    <TestEntry testId="59863143-3238-122e-4d8a-637b491cc755" executionId="31e4a8f8-205e-41be-94cc-3a6715c17c2e" testListId="8c84fa94-04c1-424b-9868-57a2d4851a1d" />
  </TestEntries>
  <Results>
    <UnitTestResult executionId="31e4a8f8-205e-41be-94cc-3a6715c17c2e" testId="59863143-3238-122e-4d8a-637b491cc755" testName="TestMethod1" computerName="NOAMTZUMIE-PC" duration="00:00:00.2399702" startTime="2012-12-26T21:53:08.0118165+02:00" endTime="2012-12-26T21:53:08.5308462+02:00" testType="13cdc9d9-ddb5-4fa4-a97d-d965ccfc6d4b" outcome="Failed" testListId="8c84fa94-04c1-424b-9868-57a2d4851a1d" relativeResultsDirectory="31e4a8f8-205e-41be-94cc-3a6715c17c2e">
      <Output>
        <ErrorInfo>
          <Message>Test method TestProject1.UnitTest1.TestMethod1 threw exception: 
System.NullReferenceException: Object reference not set to an instance of an object.</Message>
          <StackTrace>    at DataHandler.DBHandler.getTable(String query) in C:\Users\Noam Tzumie\Desktop\פרוייקטים\MyScreen\VCS\My-Screen\Client\DataHandler\DBHandler.cs:line 90
   at GUI.Friends..ctor() in C:\Users\Noam Tzumie\Desktop\פרוייקטים\MyScreen\VCS\My-Screen\Client\GUI\Friends.cs:line 22
   at GUI.MainForm..ctor() in C:\Users\Noam Tzumie\Desktop\פרוייקטים\MyScreen\VCS\My-Screen\Client\GUI\MainForm.cs:line 30
   at TestProject1.UnitTest1.TestMethod1() in C:\Users\Noam Tzumie\Desktop\פרוייקטים\MyScreen\VCS\My-Screen\Client\MyScreen\TestProject1\UnitTest1.cs:line 68
</StackTrace>
        </ErrorInfo>
      </Output>
    </UnitTestResult>
  </Results>
</TestRun>