<?xml version="1.0" encoding="UTF-8"?>
<TestRun id="340e854d-d1df-4774-97f5-afaf32d6e166" name="Noam Tzumie@NOAMTZUMIE-PC 2012-12-26 22:08:50" runUser="NoamTzumie-PC\Noam Tzumie" xmlns="http://microsoft.com/schemas/VisualStudio/TeamTest/2010">
  <TestSettings name="Local" id="cd4da703-7433-4af3-bfad-beed2c0ed77a">
    <Description>These are default test settings for a local test run.</Description>
    <Deployment enabled="false" runDeploymentRoot="Noam Tzumie_NOAMTZUMIE-PC 2012-12-26 22_08_50">
      <DeploymentItem filename="C:\Users\Noam Tzumie\Desktop\פרוייקטים\MyScreen\VCS\My-Screen\Client\DataHandler\bin\Debug\DataHandler.dll" />
      <DeploymentItem filename="C:\Users\Noam Tzumie\Desktop\פרוייקטים\MyScreen\VCS\My-Screen\Client\GUI\bin\Debug\GUI.exe" />
    </Deployment>
    <Execution>
      <TestTypeSpecific />
      <AgentRule name="Execution Agents">
      </AgentRule>
    </Execution>
  </TestSettings>
  <Times creation="2012-12-26T22:08:50.9577499+02:00" queuing="2012-12-26T22:08:50.9697506+02:00" start="2012-12-26T22:08:50.9807512+02:00" finish="2012-12-26T22:08:51.3327714+02:00" />
  <ResultSummary outcome="Failed">
    <Counters total="1" executed="1" error="0" failed="1" timeout="0" aborted="0" inconclusive="0" passedButRunAborted="0" notRunnable="0" notExecuted="0" disconnected="0" warning="0" passed="0" completed="0" inProgress="0" pending="0" />
  </ResultSummary>
  <TestDefinitions>
    <UnitTest name="TestMethod2" storage="c:\users\noam tzumie\desktop\פרוייקטים\myscreen\vcs\my-screen\client\myscreen\testproject1\bin\debug\testproject1.dll" id="9381223e-8095-9777-a0c7-26043045171c">
      <Execution id="2475996f-aacb-43be-a332-37d522450d76" />
      <TestMethod codeBase="C:/Users/Noam Tzumie/Desktop/פרוייקטים/MyScreen/VCS/My-Screen/Client/MyScreen/TestProject1/bin/Debug/TestProject1.DLL" adapterTypeName="Microsoft.VisualStudio.TestTools.TestTypes.Unit.UnitTestAdapter, Microsoft.VisualStudio.QualityTools.Tips.UnitTest.Adapter, Version=10.0.0.0, Culture=neutral, PublicKeyToken=b03f5f7f11d50a3a" className="TestProject1.UnitTest1, TestProject1, Version=1.0.0.0, Culture=neutral, PublicKeyToken=null" name="TestMethod2" />
    </UnitTest>
  </TestDefinitions>
  <TestLists>
    <TestList name="Results Not in a List" id="8c84fa94-04c1-424b-9868-57a2d4851a1d" />
    <TestList name="All Loaded Results" id="19431567-8539-422a-85d7-44ee4e166bda" />
  </TestLists>
  <TestEntries>
    <TestEntry testId="9381223e-8095-9777-a0c7-26043045171c" executionId="2475996f-aacb-43be-a332-37d522450d76" testListId="8c84fa94-04c1-424b-9868-57a2d4851a1d" />
  </TestEntries>
  <Results>
    <UnitTestResult executionId="2475996f-aacb-43be-a332-37d522450d76" testId="9381223e-8095-9777-a0c7-26043045171c" testName="TestMethod2" computerName="NOAMTZUMIE-PC" duration="00:00:00.0601693" startTime="2012-12-26T22:08:51.0117530+02:00" endTime="2012-12-26T22:08:51.3137703+02:00" testType="13cdc9d9-ddb5-4fa4-a97d-d965ccfc6d4b" outcome="Failed" testListId="8c84fa94-04c1-424b-9868-57a2d4851a1d" relativeResultsDirectory="2475996f-aacb-43be-a332-37d522450d76">
      <Output>
        <ErrorInfo>
          <Message>Assert.AreEqual failed. Expected:&lt;unit@test.com&gt;. Actual:&lt;unit@test.co&gt;. </Message>
          <StackTrace>   at TestProject1.UnitTest1.TestMethod2() in C:\Users\Noam Tzumie\Desktop\פרוייקטים\MyScreen\VCS\My-Screen\Client\MyScreen\TestProject1\UnitTest1.cs:line 103
</StackTrace>
        </ErrorInfo>
      </Output>
    </UnitTestResult>
  </Results>
</TestRun>